TN:
SF:src/server.js
FN:28,(anonymous_0)
FN:38,(anonymous_1)
FN:39,(anonymous_2)
FNF:3
FNH:2
FNDA:1,(anonymous_0)
FNDA:1,(anonymous_1)
FNDA:0,(anonymous_2)
DA:4,2
DA:5,2
DA:6,2
DA:8,2
DA:9,2
DA:10,2
DA:11,2
DA:12,2
DA:15,2
DA:18,2
DA:19,2
DA:21,2
DA:22,2
DA:23,2
DA:26,2
DA:27,2
DA:28,2
DA:29,1
DA:33,2
DA:34,2
DA:36,2
DA:39,1
DA:40,0
LF:23
LH:22
BRF:0
BRH:0
end_of_record
TN:
SF:src/auth/routes.js
FN:11,(anonymous_0)
FN:25,(anonymous_1)
FN:33,(anonymous_2)
FN:35,(anonymous_3)
FN:39,(anonymous_4)
FNF:5
FNH:3
FNDA:7,(anonymous_0)
FNDA:11,(anonymous_1)
FNDA:0,(anonymous_2)
FNDA:0,(anonymous_3)
FNDA:4,(anonymous_4)
DA:3,2
DA:4,2
DA:6,2
DA:7,2
DA:8,2
DA:9,2
DA:11,2
DA:12,7
DA:13,7
DA:14,7
DA:15,4
DA:19,4
DA:21,3
DA:25,2
DA:26,11
DA:30,11
DA:33,2
DA:34,0
DA:35,0
DA:36,0
DA:39,2
DA:40,4
DA:43,2
LF:23
LH:20
BRF:0
BRH:0
end_of_record
TN:
SF:src/auth/v2.js
FN:14,(anonymous_0)
FN:39,handleGetAll
FN:44,handleGetOne
FN:50,handleCreate
FN:56,handleUpdate
FN:63,handleDelete
FNF:6
FNH:6
FNDA:10,(anonymous_0)
FNDA:2,handleGetAll
FNDA:2,handleGetOne
FNDA:2,handleCreate
FNDA:2,handleUpdate
FNDA:2,handleDelete
DA:4,2
DA:5,2
DA:6,2
DA:7,2
DA:8,2
DA:10,2
DA:12,2
DA:14,2
DA:15,10
DA:16,10
DA:17,8
DA:18,8
DA:20,2
DA:21,2
DA:22,2
DA:23,2
DA:24,2
DA:25,2
DA:28,0
DA:33,2
DA:34,2
DA:35,2
DA:36,2
DA:37,2
DA:40,2
DA:41,2
DA:45,2
DA:46,2
DA:47,2
DA:51,2
DA:52,2
DA:53,2
DA:57,2
DA:58,2
DA:59,2
DA:60,2
DA:64,2
DA:65,2
DA:66,2
DA:70,2
LF:40
LH:39
BRDA:16,0,0,8
BRDA:16,0,1,2
BRDA:21,1,0,2
BRDA:21,1,1,0
BRF:4
BRH:3
end_of_record
TN:
SF:src/auth/middleware/acl.js
FN:3,(anonymous_0)
FN:5,(anonymous_1)
FNF:2
FNH:2
FNDA:12,(anonymous_0)
FNDA:10,(anonymous_1)
DA:3,2
DA:5,12
DA:7,10
DA:8,10
DA:9,10
DA:12,0
DA:15,0
LF:7
LH:5
BRDA:8,0,0,10
BRDA:8,0,1,0
BRF:2
BRH:1
end_of_record
TN:
SF:src/auth/middleware/basic.js
FN:6,(anonymous_0)
FN:20,_authError
FNF:2
FNH:2
FNDA:21,(anonymous_0)
FNDA:9,_authError
DA:3,3
DA:4,3
DA:6,3
DA:8,21
DA:10,21
DA:11,21
DA:13,21
DA:14,21
DA:15,12
DA:17,9
DA:21,9
LF:11
LH:11
BRDA:8,0,0,0
BRDA:8,0,1,21
BRF:2
BRH:1
end_of_record
TN:
SF:src/auth/middleware/bearer.js
FN:5,(anonymous_0)
FNF:1
FNH:1
FNDA:20,(anonymous_0)
DA:3,3
DA:5,3
DA:7,20
DA:9,20
DA:10,0
DA:13,20
DA:14,20
DA:16,15
DA:17,15
DA:18,15
DA:21,5
DA:22,5
LF:12
LH:11
BRDA:9,0,0,0
BRDA:9,0,1,20
BRF:2
BRH:1
end_of_record
TN:
SF:src/auth/middleware/logger.js
FN:5,(anonymous_0)
FNF:1
FNH:1
FNDA:47,(anonymous_0)
DA:5,2
DA:6,47
DA:9,47
DA:12,2
LF:4
LH:4
BRF:0
BRH:0
end_of_record
TN:
SF:src/auth/models/data-collection.js
FN:9,(anonymous_0)
FN:13,(anonymous_1)
FN:22,(anonymous_2)
FN:27,(anonymous_3)
FN:31,(anonymous_4)
FNF:5
FNH:5
FNDA:2,(anonymous_0)
FNDA:4,(anonymous_1)
FNDA:2,(anonymous_2)
FNDA:2,(anonymous_3)
FNDA:2,(anonymous_4)
DA:10,2
DA:14,4
DA:15,2
DA:18,2
DA:23,2
DA:24,2
DA:28,2
DA:32,2
DA:37,2
LF:9
LH:9
BRDA:14,0,0,2
BRDA:14,0,1,2
BRF:2
BRH:2
end_of_record
TN:
SF:src/auth/models/users.js
FN:15,(anonymous_0)
FN:22,(anonymous_1)
FN:32,(anonymous_2)
FN:39,(anonymous_3)
FN:47,(anonymous_4)
FNF:5
FNH:5
FNDA:30,(anonymous_0)
FNDA:10,(anonymous_1)
FNDA:9,(anonymous_2)
FNDA:21,(anonymous_3)
FNDA:20,(anonymous_4)
DA:3,3
DA:4,3
DA:5,3
DA:6,3
DA:15,3
DA:16,30
DA:19,30
DA:22,3
DA:23,10
DA:29,10
DA:32,3
DA:33,9
DA:34,9
DA:39,3
DA:40,21
DA:41,21
DA:42,17
DA:43,5
DA:47,3
DA:48,20
DA:49,20
DA:50,15
DA:51,15
DA:52,0
DA:54,5
DA:59,3
LF:26
LH:25
BRDA:33,0,0,9
BRDA:33,0,1,0
BRDA:42,1,0,12
BRDA:42,1,1,5
BRDA:51,2,0,15
BRDA:51,2,1,0
BRF:6
BRH:4
end_of_record
TN:
SF:src/auth/models/clothes/model.js
FNF:0
FNH:0
DA:3,1
DA:5,1
DA:11,1
DA:13,1
LF:4
LH:4
BRF:0
BRH:0
end_of_record
TN:
SF:src/auth/models/food/model.js
FNF:0
FNH:0
DA:3,1
DA:5,1
DA:11,1
DA:13,1
LF:4
LH:4
BRF:0
BRH:0
end_of_record
TN:
SF:src/error-handlers/404.js
FN:3,(anonymous_0)
FNF:1
FNH:1
FNDA:2,(anonymous_0)
DA:3,2
DA:4,2
DA:9,2
DA:10,2
DA:11,2
DA:12,2
DA:13,2
LF:7
LH:7
BRF:0
BRH:0
end_of_record
TN:
SF:src/error-handlers/500.js
FN:3,(anonymous_0)
FNF:1
FNH:1
FNDA:3,(anonymous_0)
DA:3,2
DA:4,3
DA:5,3
DA:6,3
DA:7,3
DA:8,3
DA:9,3
LF:7
LH:7
BRDA:4,0,0,3
BRDA:4,0,1,3
BRDA:5,1,0,3
BRDA:5,1,1,3
BRDA:6,2,0,3
BRDA:6,2,1,3
BRF:6
BRH:6
end_of_record
